<?xml version="1.0" encoding="UTF-8"?>
<!-- Generated by org.testng.reporters.JUnitReportReporter -->
<testsuite skipped="0" hostname="ATMECSINLT-283" name="com.atmecs.qa.script.HeatClinicScript" tests="7" failures="0" timestamp="2019-11-08T21:34:27 IST" time="31.921" errors="0">
  <testcase name="clickMenuVerify" time="1.493" classname="com.atmecs.qa.script.HeatClinicScript"/>
  <testcase name="clickMenuVerify" time="1.598" classname="com.atmecs.qa.script.HeatClinicScript"/>
  <testcase name="clickMenuVerify" time="1.890" classname="com.atmecs.qa.script.HeatClinicScript"/>
  <testcase name="clickMenuVerify" time="1.576" classname="com.atmecs.qa.script.HeatClinicScript"/>
  <testcase name="clickMenuVerify" time="1.755" classname="com.atmecs.qa.script.HeatClinicScript"/>
  <testcase name="clickMenuVerify" time="1.117" classname="com.atmecs.qa.script.HeatClinicScript"/>
  <testcase name="clickMerchantVerifyProduct" time="22.492" classname="com.atmecs.qa.script.HeatClinicScript"/>
</testsuite> <!-- com.atmecs.qa.script.HeatClinicScript -->
