<?xml version="1.0" encoding="UTF-8"?>
<!-- Generated by org.testng.reporters.JUnitReportReporter -->
<testsuite skipped="0" hostname="ATMECSINLT-283" name="com.atmecs.qa.script.TutorialsninjaScript" tests="2" failures="0" timestamp="2019-11-08T21:34:27 IST" time="19.745" errors="0">
  <testcase name="validateHomePage" time="0.181" classname="com.atmecs.qa.script.TutorialsninjaScript"/>
  <testcase name="searchItemMethod" time="19.564" classname="com.atmecs.qa.script.TutorialsninjaScript"/>
</testsuite> <!-- com.atmecs.qa.script.TutorialsninjaScript -->
